2025-01-25 17:46:58,512 - DEBUG - created a temporary folder in which the user-data (profile) will be stored during this
session, and added it to chrome startup arguments: --user-data-dir=C:\Users\LENOVO~1\AppData\Local\Temp\tmppm7knssb
2025-01-25 17:46:58,515 - DEBUG - checking if C:\Users\Lenovo ideapad 330S\AppData\Local\Google/Chrome/Application\chrome.exe exists and is executable
2025-01-25 17:46:58,516 - DEBUG - checking if C:\Program Files\Google/Chrome/Application\chrome.exe exists and is executable
2025-01-25 17:46:58,517 - DEBUG - found! using C:\Program Files\Google/Chrome/Application\chrome.exe
2025-01-25 17:46:58,521 - DEBUG - did not find a bad exit_type flag 
2025-01-25 17:46:59,105 - DEBUG - Starting new HTTP connection (1): localhost:51159
2025-01-25 17:46:59,508 - DEBUG - http://localhost:51159 "POST /session HTTP/1.1" 200 0
2025-01-25 17:46:59,513 - DEBUG - http://localhost:51159 "POST /session/afedc422490131405ac901b886ba2803/timeouts HTTP/1.1" 200 0
2025-01-25 17:47:02,690 - DEBUG - http://localhost:51159 "POST /session/afedc422490131405ac901b886ba2803/url HTTP/1.1" 200 0
2025-01-25 17:47:08,114 - DEBUG - http://localhost:51159 "POST /session/afedc422490131405ac901b886ba2803/element HTTP/1.1" 200 0
2025-01-25 17:47:08,174 - DEBUG - http://localhost:51159 "POST /session/afedc422490131405ac901b886ba2803/element/f.FEF57B810F4C9782D4F0349B26D6B515.d.B93B668CACF7D86F873D3EE2ECE81FD3.e.2/clear HTTP/1.1" 200 0
2025-01-25 17:47:08,284 - DEBUG - http://localhost:51159 "POST /session/afedc422490131405ac901b886ba2803/element/f.FEF57B810F4C9782D4F0349B26D6B515.d.B93B668CACF7D86F873D3EE2ECE81FD3.e.2/value HTTP/1.1" 200 0
2025-01-25 17:47:08,571 - DEBUG - http://localhost:51159 "POST /session/afedc422490131405ac901b886ba2803/element/f.FEF57B810F4C9782D4F0349B26D6B515.d.B93B668CACF7D86F873D3EE2ECE81FD3.e.2/value HTTP/1.1" 200 0
2025-01-25 17:47:08,808 - DEBUG - http://localhost:51159 "POST /session/afedc422490131405ac901b886ba2803/element/f.FEF57B810F4C9782D4F0349B26D6B515.d.B93B668CACF7D86F873D3EE2ECE81FD3.e.2/value HTTP/1.1" 200 0
2025-01-25 17:47:09,149 - DEBUG - http://localhost:51159 "POST /session/afedc422490131405ac901b886ba2803/element/f.FEF57B810F4C9782D4F0349B26D6B515.d.B93B668CACF7D86F873D3EE2ECE81FD3.e.2/value HTTP/1.1" 200 0
2025-01-25 17:47:09,469 - DEBUG - http://localhost:51159 "POST /session/afedc422490131405ac901b886ba2803/element/f.FEF57B810F4C9782D4F0349B26D6B515.d.B93B668CACF7D86F873D3EE2ECE81FD3.e.2/value HTTP/1.1" 200 0
2025-01-25 17:47:09,775 - DEBUG - http://localhost:51159 "POST /session/afedc422490131405ac901b886ba2803/element/f.FEF57B810F4C9782D4F0349B26D6B515.d.B93B668CACF7D86F873D3EE2ECE81FD3.e.2/value HTTP/1.1" 200 0
2025-01-25 17:47:10,075 - DEBUG - http://localhost:51159 "POST /session/afedc422490131405ac901b886ba2803/element/f.FEF57B810F4C9782D4F0349B26D6B515.d.B93B668CACF7D86F873D3EE2ECE81FD3.e.2/value HTTP/1.1" 200 0
2025-01-25 17:47:10,272 - DEBUG - http://localhost:51159 "POST /session/afedc422490131405ac901b886ba2803/element/f.FEF57B810F4C9782D4F0349B26D6B515.d.B93B668CACF7D86F873D3EE2ECE81FD3.e.2/value HTTP/1.1" 200 0
2025-01-25 17:47:14,994 - DEBUG - http://localhost:51159 "POST /session/afedc422490131405ac901b886ba2803/element/f.FEF57B810F4C9782D4F0349B26D6B515.d.B93B668CACF7D86F873D3EE2ECE81FD3.e.2/value HTTP/1.1" 200 0
2025-01-25 17:47:41,209 - DEBUG - http://localhost:51159 "POST /session/afedc422490131405ac901b886ba2803/elements HTTP/1.1" 200 0
2025-01-25 17:49:40,081 - DEBUG - http://localhost:51159 "POST /session/afedc422490131405ac901b886ba2803/element/f.FEF57B810F4C9782D4F0349B26D6B515.d.BD50E8FDEDE63470DA81F259EBBC6641.e.72/element HTTP/1.1" 200 0
2025-01-25 17:49:40,102 - DEBUG - http://localhost:51159 "POST /session/afedc422490131405ac901b886ba2803/element/f.FEF57B810F4C9782D4F0349B26D6B515.d.BD50E8FDEDE63470DA81F259EBBC6641.e.72/element HTTP/1.1" 200 0
2025-01-25 17:49:40,148 - DEBUG - http://localhost:51159 "GET /session/afedc422490131405ac901b886ba2803/element/f.FEF57B810F4C9782D4F0349B26D6B515.d.BD50E8FDEDE63470DA81F259EBBC6641.e.74/text HTTP/1.1" 200 0
2025-01-25 17:49:40,365 - DEBUG - http://localhost:51159 "POST /session/afedc422490131405ac901b886ba2803/execute/sync HTTP/1.1" 200 0
2025-01-25 17:49:40,389 - DEBUG - http://localhost:51159 "POST /session/afedc422490131405ac901b886ba2803/element/f.FEF57B810F4C9782D4F0349B26D6B515.d.BD50E8FDEDE63470DA81F259EBBC6641.e.72/element HTTP/1.1" 200 0
2025-01-25 17:49:40,409 - DEBUG - http://localhost:51159 "GET /session/afedc422490131405ac901b886ba2803/element/f.FEF57B810F4C9782D4F0349B26D6B515.d.BD50E8FDEDE63470DA81F259EBBC6641.e.192/text HTTP/1.1" 200 0
2025-01-25 17:49:40,424 - DEBUG - http://localhost:51159 "POST /session/afedc422490131405ac901b886ba2803/element/f.FEF57B810F4C9782D4F0349B26D6B515.d.BD50E8FDEDE63470DA81F259EBBC6641.e.182/element HTTP/1.1" 200 0
2025-01-25 17:49:40,437 - DEBUG - http://localhost:51159 "POST /session/afedc422490131405ac901b886ba2803/element/f.FEF57B810F4C9782D4F0349B26D6B515.d.BD50E8FDEDE63470DA81F259EBBC6641.e.182/element HTTP/1.1" 200 0
2025-01-25 17:49:40,455 - DEBUG - http://localhost:51159 "GET /session/afedc422490131405ac901b886ba2803/element/f.FEF57B810F4C9782D4F0349B26D6B515.d.BD50E8FDEDE63470DA81F259EBBC6641.e.193/text HTTP/1.1" 200 0
2025-01-25 17:49:40,468 - DEBUG - http://localhost:51159 "POST /session/afedc422490131405ac901b886ba2803/execute/sync HTTP/1.1" 200 0
2025-01-25 17:49:40,482 - DEBUG - http://localhost:51159 "POST /session/afedc422490131405ac901b886ba2803/element/f.FEF57B810F4C9782D4F0349B26D6B515.d.BD50E8FDEDE63470DA81F259EBBC6641.e.182/element HTTP/1.1" 200 0
2025-01-25 17:49:40,506 - DEBUG - http://localhost:51159 "GET /session/afedc422490131405ac901b886ba2803/element/f.FEF57B810F4C9782D4F0349B26D6B515.d.BD50E8FDEDE63470DA81F259EBBC6641.e.195/text HTTP/1.1" 200 0
2025-01-25 17:49:40,522 - DEBUG - http://localhost:51159 "POST /session/afedc422490131405ac901b886ba2803/element/f.FEF57B810F4C9782D4F0349B26D6B515.d.BD50E8FDEDE63470DA81F259EBBC6641.e.183/element HTTP/1.1" 200 0
2025-01-25 17:49:40,537 - DEBUG - http://localhost:51159 "POST /session/afedc422490131405ac901b886ba2803/element/f.FEF57B810F4C9782D4F0349B26D6B515.d.BD50E8FDEDE63470DA81F259EBBC6641.e.183/element HTTP/1.1" 200 0
2025-01-25 17:49:40,553 - DEBUG - http://localhost:51159 "GET /session/afedc422490131405ac901b886ba2803/element/f.FEF57B810F4C9782D4F0349B26D6B515.d.BD50E8FDEDE63470DA81F259EBBC6641.e.196/text HTTP/1.1" 200 0
2025-01-25 17:49:40,568 - DEBUG - http://localhost:51159 "POST /session/afedc422490131405ac901b886ba2803/execute/sync HTTP/1.1" 200 0
2025-01-25 17:49:40,580 - DEBUG - http://localhost:51159 "POST /session/afedc422490131405ac901b886ba2803/element/f.FEF57B810F4C9782D4F0349B26D6B515.d.BD50E8FDEDE63470DA81F259EBBC6641.e.183/element HTTP/1.1" 200 0
2025-01-25 17:49:40,600 - DEBUG - http://localhost:51159 "GET /session/afedc422490131405ac901b886ba2803/element/f.FEF57B810F4C9782D4F0349B26D6B515.d.BD50E8FDEDE63470DA81F259EBBC6641.e.198/text HTTP/1.1" 200 0
2025-01-25 17:49:40,613 - DEBUG - http://localhost:51159 "POST /session/afedc422490131405ac901b886ba2803/element/f.FEF57B810F4C9782D4F0349B26D6B515.d.BD50E8FDEDE63470DA81F259EBBC6641.e.184/element HTTP/1.1" 200 0
2025-01-25 17:49:40,629 - DEBUG - http://localhost:51159 "POST /session/afedc422490131405ac901b886ba2803/element/f.FEF57B810F4C9782D4F0349B26D6B515.d.BD50E8FDEDE63470DA81F259EBBC6641.e.184/element HTTP/1.1" 200 0
2025-01-25 17:49:40,648 - DEBUG - http://localhost:51159 "GET /session/afedc422490131405ac901b886ba2803/element/f.FEF57B810F4C9782D4F0349B26D6B515.d.BD50E8FDEDE63470DA81F259EBBC6641.e.199/text HTTP/1.1" 200 0
2025-01-25 17:49:40,662 - DEBUG - http://localhost:51159 "POST /session/afedc422490131405ac901b886ba2803/execute/sync HTTP/1.1" 200 0
2025-01-25 17:49:40,674 - DEBUG - http://localhost:51159 "POST /session/afedc422490131405ac901b886ba2803/element/f.FEF57B810F4C9782D4F0349B26D6B515.d.BD50E8FDEDE63470DA81F259EBBC6641.e.184/element HTTP/1.1" 200 0
2025-01-25 17:49:40,692 - DEBUG - http://localhost:51159 "GET /session/afedc422490131405ac901b886ba2803/element/f.FEF57B810F4C9782D4F0349B26D6B515.d.BD50E8FDEDE63470DA81F259EBBC6641.e.201/text HTTP/1.1" 200 0
2025-01-25 17:49:40,714 - DEBUG - http://localhost:51159 "POST /session/afedc422490131405ac901b886ba2803/element/f.FEF57B810F4C9782D4F0349B26D6B515.d.BD50E8FDEDE63470DA81F259EBBC6641.e.185/element HTTP/1.1" 200 0
2025-01-25 17:49:40,733 - DEBUG - http://localhost:51159 "POST /session/afedc422490131405ac901b886ba2803/element/f.FEF57B810F4C9782D4F0349B26D6B515.d.BD50E8FDEDE63470DA81F259EBBC6641.e.185/element HTTP/1.1" 200 0
2025-01-25 17:49:40,755 - DEBUG - http://localhost:51159 "GET /session/afedc422490131405ac901b886ba2803/element/f.FEF57B810F4C9782D4F0349B26D6B515.d.BD50E8FDEDE63470DA81F259EBBC6641.e.202/text HTTP/1.1" 200 0
2025-01-25 17:49:40,770 - DEBUG - http://localhost:51159 "POST /session/afedc422490131405ac901b886ba2803/execute/sync HTTP/1.1" 200 0
2025-01-25 17:49:40,797 - DEBUG - http://localhost:51159 "POST /session/afedc422490131405ac901b886ba2803/element/f.FEF57B810F4C9782D4F0349B26D6B515.d.BD50E8FDEDE63470DA81F259EBBC6641.e.185/element HTTP/1.1" 200 0
2025-01-25 17:49:40,830 - DEBUG - http://localhost:51159 "GET /session/afedc422490131405ac901b886ba2803/element/f.FEF57B810F4C9782D4F0349B26D6B515.d.BD50E8FDEDE63470DA81F259EBBC6641.e.204/text HTTP/1.1" 200 0
2025-01-25 17:49:40,846 - DEBUG - http://localhost:51159 "POST /session/afedc422490131405ac901b886ba2803/element/f.FEF57B810F4C9782D4F0349B26D6B515.d.BD50E8FDEDE63470DA81F259EBBC6641.e.186/element HTTP/1.1" 200 0
2025-01-25 17:49:40,861 - DEBUG - http://localhost:51159 "POST /session/afedc422490131405ac901b886ba2803/element/f.FEF57B810F4C9782D4F0349B26D6B515.d.BD50E8FDEDE63470DA81F259EBBC6641.e.186/element HTTP/1.1" 200 0
2025-01-25 17:49:40,881 - DEBUG - http://localhost:51159 "GET /session/afedc422490131405ac901b886ba2803/element/f.FEF57B810F4C9782D4F0349B26D6B515.d.BD50E8FDEDE63470DA81F259EBBC6641.e.205/text HTTP/1.1" 200 0
2025-01-25 17:49:40,893 - DEBUG - http://localhost:51159 "POST /session/afedc422490131405ac901b886ba2803/execute/sync HTTP/1.1" 200 0
2025-01-25 17:49:40,907 - DEBUG - http://localhost:51159 "POST /session/afedc422490131405ac901b886ba2803/element/f.FEF57B810F4C9782D4F0349B26D6B515.d.BD50E8FDEDE63470DA81F259EBBC6641.e.186/element HTTP/1.1" 200 0
2025-01-25 17:49:40,924 - DEBUG - http://localhost:51159 "GET /session/afedc422490131405ac901b886ba2803/element/f.FEF57B810F4C9782D4F0349B26D6B515.d.BD50E8FDEDE63470DA81F259EBBC6641.e.207/text HTTP/1.1" 200 0
2025-01-25 17:49:40,938 - DEBUG - http://localhost:51159 "POST /session/afedc422490131405ac901b886ba2803/element/f.FEF57B810F4C9782D4F0349B26D6B515.d.BD50E8FDEDE63470DA81F259EBBC6641.e.187/element HTTP/1.1" 200 0
2025-01-25 17:49:40,953 - DEBUG - http://localhost:51159 "POST /session/afedc422490131405ac901b886ba2803/element/f.FEF57B810F4C9782D4F0349B26D6B515.d.BD50E8FDEDE63470DA81F259EBBC6641.e.187/element HTTP/1.1" 200 0
2025-01-25 17:49:40,969 - DEBUG - http://localhost:51159 "GET /session/afedc422490131405ac901b886ba2803/element/f.FEF57B810F4C9782D4F0349B26D6B515.d.BD50E8FDEDE63470DA81F259EBBC6641.e.208/text HTTP/1.1" 200 0
2025-01-25 17:49:40,983 - DEBUG - http://localhost:51159 "POST /session/afedc422490131405ac901b886ba2803/execute/sync HTTP/1.1" 200 0
2025-01-25 17:49:41,001 - DEBUG - http://localhost:51159 "POST /session/afedc422490131405ac901b886ba2803/element/f.FEF57B810F4C9782D4F0349B26D6B515.d.BD50E8FDEDE63470DA81F259EBBC6641.e.187/element HTTP/1.1" 200 0
2025-01-25 17:49:41,023 - DEBUG - http://localhost:51159 "GET /session/afedc422490131405ac901b886ba2803/element/f.FEF57B810F4C9782D4F0349B26D6B515.d.BD50E8FDEDE63470DA81F259EBBC6641.e.210/text HTTP/1.1" 200 0
2025-01-25 17:49:41,042 - DEBUG - http://localhost:51159 "POST /session/afedc422490131405ac901b886ba2803/element/f.FEF57B810F4C9782D4F0349B26D6B515.d.BD50E8FDEDE63470DA81F259EBBC6641.e.188/element HTTP/1.1" 200 0
2025-01-25 17:49:41,059 - DEBUG - http://localhost:51159 "POST /session/afedc422490131405ac901b886ba2803/element/f.FEF57B810F4C9782D4F0349B26D6B515.d.BD50E8FDEDE63470DA81F259EBBC6641.e.188/element HTTP/1.1" 200 0
2025-01-25 17:49:41,077 - DEBUG - http://localhost:51159 "GET /session/afedc422490131405ac901b886ba2803/element/f.FEF57B810F4C9782D4F0349B26D6B515.d.BD50E8FDEDE63470DA81F259EBBC6641.e.211/text HTTP/1.1" 200 0
2025-01-25 17:49:41,089 - DEBUG - http://localhost:51159 "POST /session/afedc422490131405ac901b886ba2803/execute/sync HTTP/1.1" 200 0
2025-01-25 17:49:41,103 - DEBUG - http://localhost:51159 "POST /session/afedc422490131405ac901b886ba2803/element/f.FEF57B810F4C9782D4F0349B26D6B515.d.BD50E8FDEDE63470DA81F259EBBC6641.e.188/element HTTP/1.1" 200 0
2025-01-25 17:49:41,123 - DEBUG - http://localhost:51159 "GET /session/afedc422490131405ac901b886ba2803/element/f.FEF57B810F4C9782D4F0349B26D6B515.d.BD50E8FDEDE63470DA81F259EBBC6641.e.213/text HTTP/1.1" 200 0
2025-01-25 17:49:41,138 - DEBUG - http://localhost:51159 "POST /session/afedc422490131405ac901b886ba2803/element/f.FEF57B810F4C9782D4F0349B26D6B515.d.BD50E8FDEDE63470DA81F259EBBC6641.e.189/element HTTP/1.1" 200 0
2025-01-25 17:49:41,152 - DEBUG - http://localhost:51159 "POST /session/afedc422490131405ac901b886ba2803/element/f.FEF57B810F4C9782D4F0349B26D6B515.d.BD50E8FDEDE63470DA81F259EBBC6641.e.189/element HTTP/1.1" 200 0
2025-01-25 17:49:41,177 - DEBUG - http://localhost:51159 "GET /session/afedc422490131405ac901b886ba2803/element/f.FEF57B810F4C9782D4F0349B26D6B515.d.BD50E8FDEDE63470DA81F259EBBC6641.e.214/text HTTP/1.1" 200 0
2025-01-25 17:49:41,187 - DEBUG - http://localhost:51159 "POST /session/afedc422490131405ac901b886ba2803/execute/sync HTTP/1.1" 200 0
2025-01-25 17:49:41,202 - DEBUG - http://localhost:51159 "POST /session/afedc422490131405ac901b886ba2803/element/f.FEF57B810F4C9782D4F0349B26D6B515.d.BD50E8FDEDE63470DA81F259EBBC6641.e.189/element HTTP/1.1" 200 0
2025-01-25 17:49:41,222 - DEBUG - http://localhost:51159 "GET /session/afedc422490131405ac901b886ba2803/element/f.FEF57B810F4C9782D4F0349B26D6B515.d.BD50E8FDEDE63470DA81F259EBBC6641.e.216/text HTTP/1.1" 200 0
2025-01-25 17:49:41,238 - DEBUG - http://localhost:51159 "POST /session/afedc422490131405ac901b886ba2803/element/f.FEF57B810F4C9782D4F0349B26D6B515.d.BD50E8FDEDE63470DA81F259EBBC6641.e.190/element HTTP/1.1" 200 0
2025-01-25 17:49:41,253 - DEBUG - http://localhost:51159 "POST /session/afedc422490131405ac901b886ba2803/element/f.FEF57B810F4C9782D4F0349B26D6B515.d.BD50E8FDEDE63470DA81F259EBBC6641.e.190/element HTTP/1.1" 200 0
2025-01-25 17:49:41,267 - DEBUG - http://localhost:51159 "GET /session/afedc422490131405ac901b886ba2803/element/f.FEF57B810F4C9782D4F0349B26D6B515.d.BD50E8FDEDE63470DA81F259EBBC6641.e.217/text HTTP/1.1" 200 0
2025-01-25 17:49:41,276 - DEBUG - http://localhost:51159 "POST /session/afedc422490131405ac901b886ba2803/execute/sync HTTP/1.1" 200 0
2025-01-25 17:49:41,287 - DEBUG - http://localhost:51159 "POST /session/afedc422490131405ac901b886ba2803/element/f.FEF57B810F4C9782D4F0349B26D6B515.d.BD50E8FDEDE63470DA81F259EBBC6641.e.190/element HTTP/1.1" 200 0
2025-01-25 17:49:41,331 - DEBUG - http://localhost:51159 "GET /session/afedc422490131405ac901b886ba2803/element/f.FEF57B810F4C9782D4F0349B26D6B515.d.BD50E8FDEDE63470DA81F259EBBC6641.e.219/text HTTP/1.1" 200 0
2025-01-25 17:49:41,377 - DEBUG - http://localhost:51159 "POST /session/afedc422490131405ac901b886ba2803/element HTTP/1.1" 200 0
2025-01-25 17:49:43,512 - DEBUG - http://localhost:51159 "POST /session/afedc422490131405ac901b886ba2803/element/f.FEF57B810F4C9782D4F0349B26D6B515.d.BD50E8FDEDE63470DA81F259EBBC6641.e.220/click HTTP/1.1" 200 0
2025-01-25 17:49:48,676 - DEBUG - http://localhost:51159 "POST /session/afedc422490131405ac901b886ba2803/elements HTTP/1.1" 200 0
2025-01-25 17:49:48,709 - DEBUG - http://localhost:51159 "POST /session/afedc422490131405ac901b886ba2803/element/f.FEF57B810F4C9782D4F0349B26D6B515.d.840B2ED85B121432C6EEE901CBFC7B99.e.228/element HTTP/1.1" 200 0
2025-01-25 17:49:48,737 - DEBUG - http://localhost:51159 "POST /session/afedc422490131405ac901b886ba2803/element/f.FEF57B810F4C9782D4F0349B26D6B515.d.840B2ED85B121432C6EEE901CBFC7B99.e.228/element HTTP/1.1" 200 0
2025-01-25 17:49:48,760 - DEBUG - http://localhost:51159 "GET /session/afedc422490131405ac901b886ba2803/element/f.FEF57B810F4C9782D4F0349B26D6B515.d.840B2ED85B121432C6EEE901CBFC7B99.e.238/text HTTP/1.1" 200 0
2025-01-25 17:49:48,777 - DEBUG - http://localhost:51159 "POST /session/afedc422490131405ac901b886ba2803/execute/sync HTTP/1.1" 200 0
2025-01-25 17:49:48,795 - DEBUG - http://localhost:51159 "POST /session/afedc422490131405ac901b886ba2803/element/f.FEF57B810F4C9782D4F0349B26D6B515.d.840B2ED85B121432C6EEE901CBFC7B99.e.228/element HTTP/1.1" 200 0
2025-01-25 17:49:48,819 - DEBUG - http://localhost:51159 "GET /session/afedc422490131405ac901b886ba2803/element/f.FEF57B810F4C9782D4F0349B26D6B515.d.840B2ED85B121432C6EEE901CBFC7B99.e.240/text HTTP/1.1" 200 0
2025-01-25 17:49:48,839 - DEBUG - http://localhost:51159 "POST /session/afedc422490131405ac901b886ba2803/element/f.FEF57B810F4C9782D4F0349B26D6B515.d.840B2ED85B121432C6EEE901CBFC7B99.e.229/element HTTP/1.1" 200 0
2025-01-25 17:49:48,857 - DEBUG - http://localhost:51159 "POST /session/afedc422490131405ac901b886ba2803/element/f.FEF57B810F4C9782D4F0349B26D6B515.d.840B2ED85B121432C6EEE901CBFC7B99.e.229/element HTTP/1.1" 200 0
2025-01-25 17:49:48,879 - DEBUG - http://localhost:51159 "GET /session/afedc422490131405ac901b886ba2803/element/f.FEF57B810F4C9782D4F0349B26D6B515.d.840B2ED85B121432C6EEE901CBFC7B99.e.241/text HTTP/1.1" 200 0
2025-01-25 17:49:48,890 - DEBUG - http://localhost:51159 "POST /session/afedc422490131405ac901b886ba2803/execute/sync HTTP/1.1" 200 0
2025-01-25 17:49:48,904 - DEBUG - http://localhost:51159 "POST /session/afedc422490131405ac901b886ba2803/element/f.FEF57B810F4C9782D4F0349B26D6B515.d.840B2ED85B121432C6EEE901CBFC7B99.e.229/element HTTP/1.1" 200 0
2025-01-25 17:49:48,922 - DEBUG - http://localhost:51159 "GET /session/afedc422490131405ac901b886ba2803/element/f.FEF57B810F4C9782D4F0349B26D6B515.d.840B2ED85B121432C6EEE901CBFC7B99.e.243/text HTTP/1.1" 200 0
2025-01-25 17:49:48,936 - DEBUG - http://localhost:51159 "POST /session/afedc422490131405ac901b886ba2803/element/f.FEF57B810F4C9782D4F0349B26D6B515.d.840B2ED85B121432C6EEE901CBFC7B99.e.230/element HTTP/1.1" 200 0
2025-01-25 17:49:48,952 - DEBUG - http://localhost:51159 "POST /session/afedc422490131405ac901b886ba2803/element/f.FEF57B810F4C9782D4F0349B26D6B515.d.840B2ED85B121432C6EEE901CBFC7B99.e.230/element HTTP/1.1" 200 0
2025-01-25 17:49:48,971 - DEBUG - http://localhost:51159 "GET /session/afedc422490131405ac901b886ba2803/element/f.FEF57B810F4C9782D4F0349B26D6B515.d.840B2ED85B121432C6EEE901CBFC7B99.e.244/text HTTP/1.1" 200 0
2025-01-25 17:49:48,982 - DEBUG - http://localhost:51159 "POST /session/afedc422490131405ac901b886ba2803/execute/sync HTTP/1.1" 200 0
2025-01-25 17:49:48,996 - DEBUG - http://localhost:51159 "POST /session/afedc422490131405ac901b886ba2803/element/f.FEF57B810F4C9782D4F0349B26D6B515.d.840B2ED85B121432C6EEE901CBFC7B99.e.230/element HTTP/1.1" 200 0
2025-01-25 17:49:49,013 - DEBUG - http://localhost:51159 "GET /session/afedc422490131405ac901b886ba2803/element/f.FEF57B810F4C9782D4F0349B26D6B515.d.840B2ED85B121432C6EEE901CBFC7B99.e.246/text HTTP/1.1" 200 0
2025-01-25 17:49:49,029 - DEBUG - http://localhost:51159 "POST /session/afedc422490131405ac901b886ba2803/element/f.FEF57B810F4C9782D4F0349B26D6B515.d.840B2ED85B121432C6EEE901CBFC7B99.e.231/element HTTP/1.1" 200 0
2025-01-25 17:49:49,044 - DEBUG - http://localhost:51159 "POST /session/afedc422490131405ac901b886ba2803/element/f.FEF57B810F4C9782D4F0349B26D6B515.d.840B2ED85B121432C6EEE901CBFC7B99.e.231/element HTTP/1.1" 200 0
2025-01-25 17:49:49,060 - DEBUG - http://localhost:51159 "GET /session/afedc422490131405ac901b886ba2803/element/f.FEF57B810F4C9782D4F0349B26D6B515.d.840B2ED85B121432C6EEE901CBFC7B99.e.247/text HTTP/1.1" 200 0
2025-01-25 17:49:49,072 - DEBUG - http://localhost:51159 "POST /session/afedc422490131405ac901b886ba2803/execute/sync HTTP/1.1" 200 0
2025-01-25 17:49:49,086 - DEBUG - http://localhost:51159 "POST /session/afedc422490131405ac901b886ba2803/element/f.FEF57B810F4C9782D4F0349B26D6B515.d.840B2ED85B121432C6EEE901CBFC7B99.e.231/element HTTP/1.1" 200 0
2025-01-25 17:49:49,105 - DEBUG - http://localhost:51159 "GET /session/afedc422490131405ac901b886ba2803/element/f.FEF57B810F4C9782D4F0349B26D6B515.d.840B2ED85B121432C6EEE901CBFC7B99.e.249/text HTTP/1.1" 200 0
2025-01-25 17:49:49,120 - DEBUG - http://localhost:51159 "POST /session/afedc422490131405ac901b886ba2803/element/f.FEF57B810F4C9782D4F0349B26D6B515.d.840B2ED85B121432C6EEE901CBFC7B99.e.232/element HTTP/1.1" 200 0
2025-01-25 17:49:49,134 - DEBUG - http://localhost:51159 "POST /session/afedc422490131405ac901b886ba2803/element/f.FEF57B810F4C9782D4F0349B26D6B515.d.840B2ED85B121432C6EEE901CBFC7B99.e.232/element HTTP/1.1" 200 0
2025-01-25 17:49:49,149 - DEBUG - http://localhost:51159 "GET /session/afedc422490131405ac901b886ba2803/element/f.FEF57B810F4C9782D4F0349B26D6B515.d.840B2ED85B121432C6EEE901CBFC7B99.e.250/text HTTP/1.1" 200 0
2025-01-25 17:49:49,160 - DEBUG - http://localhost:51159 "POST /session/afedc422490131405ac901b886ba2803/execute/sync HTTP/1.1" 200 0
2025-01-25 17:49:49,174 - DEBUG - http://localhost:51159 "POST /session/afedc422490131405ac901b886ba2803/element/f.FEF57B810F4C9782D4F0349B26D6B515.d.840B2ED85B121432C6EEE901CBFC7B99.e.232/element HTTP/1.1" 200 0
2025-01-25 17:49:49,195 - DEBUG - http://localhost:51159 "GET /session/afedc422490131405ac901b886ba2803/element/f.FEF57B810F4C9782D4F0349B26D6B515.d.840B2ED85B121432C6EEE901CBFC7B99.e.252/text HTTP/1.1" 200 0
2025-01-25 17:49:49,210 - DEBUG - http://localhost:51159 "POST /session/afedc422490131405ac901b886ba2803/element/f.FEF57B810F4C9782D4F0349B26D6B515.d.840B2ED85B121432C6EEE901CBFC7B99.e.233/element HTTP/1.1" 200 0
2025-01-25 17:49:49,225 - DEBUG - http://localhost:51159 "POST /session/afedc422490131405ac901b886ba2803/element/f.FEF57B810F4C9782D4F0349B26D6B515.d.840B2ED85B121432C6EEE901CBFC7B99.e.233/element HTTP/1.1" 200 0
2025-01-25 17:49:49,240 - DEBUG - http://localhost:51159 "GET /session/afedc422490131405ac901b886ba2803/element/f.FEF57B810F4C9782D4F0349B26D6B515.d.840B2ED85B121432C6EEE901CBFC7B99.e.253/text HTTP/1.1" 200 0
2025-01-25 17:49:49,250 - DEBUG - http://localhost:51159 "POST /session/afedc422490131405ac901b886ba2803/execute/sync HTTP/1.1" 200 0
2025-01-25 17:49:49,264 - DEBUG - http://localhost:51159 "POST /session/afedc422490131405ac901b886ba2803/element/f.FEF57B810F4C9782D4F0349B26D6B515.d.840B2ED85B121432C6EEE901CBFC7B99.e.233/element HTTP/1.1" 200 0
2025-01-25 17:49:49,281 - DEBUG - http://localhost:51159 "GET /session/afedc422490131405ac901b886ba2803/element/f.FEF57B810F4C9782D4F0349B26D6B515.d.840B2ED85B121432C6EEE901CBFC7B99.e.255/text HTTP/1.1" 200 0
2025-01-25 17:49:49,295 - DEBUG - http://localhost:51159 "POST /session/afedc422490131405ac901b886ba2803/element/f.FEF57B810F4C9782D4F0349B26D6B515.d.840B2ED85B121432C6EEE901CBFC7B99.e.234/element HTTP/1.1" 200 0
2025-01-25 17:49:49,310 - DEBUG - http://localhost:51159 "POST /session/afedc422490131405ac901b886ba2803/element/f.FEF57B810F4C9782D4F0349B26D6B515.d.840B2ED85B121432C6EEE901CBFC7B99.e.234/element HTTP/1.1" 200 0
2025-01-25 17:49:49,326 - DEBUG - http://localhost:51159 "GET /session/afedc422490131405ac901b886ba2803/element/f.FEF57B810F4C9782D4F0349B26D6B515.d.840B2ED85B121432C6EEE901CBFC7B99.e.256/text HTTP/1.1" 200 0
2025-01-25 17:49:49,337 - DEBUG - http://localhost:51159 "POST /session/afedc422490131405ac901b886ba2803/execute/sync HTTP/1.1" 200 0
2025-01-25 17:49:49,352 - DEBUG - http://localhost:51159 "POST /session/afedc422490131405ac901b886ba2803/element/f.FEF57B810F4C9782D4F0349B26D6B515.d.840B2ED85B121432C6EEE901CBFC7B99.e.234/element HTTP/1.1" 200 0
2025-01-25 17:49:49,370 - DEBUG - http://localhost:51159 "GET /session/afedc422490131405ac901b886ba2803/element/f.FEF57B810F4C9782D4F0349B26D6B515.d.840B2ED85B121432C6EEE901CBFC7B99.e.258/text HTTP/1.1" 200 0
2025-01-25 17:49:49,385 - DEBUG - http://localhost:51159 "POST /session/afedc422490131405ac901b886ba2803/element/f.FEF57B810F4C9782D4F0349B26D6B515.d.840B2ED85B121432C6EEE901CBFC7B99.e.235/element HTTP/1.1" 200 0
2025-01-25 17:49:49,398 - DEBUG - http://localhost:51159 "POST /session/afedc422490131405ac901b886ba2803/element/f.FEF57B810F4C9782D4F0349B26D6B515.d.840B2ED85B121432C6EEE901CBFC7B99.e.235/element HTTP/1.1" 200 0
2025-01-25 17:49:49,414 - DEBUG - http://localhost:51159 "GET /session/afedc422490131405ac901b886ba2803/element/f.FEF57B810F4C9782D4F0349B26D6B515.d.840B2ED85B121432C6EEE901CBFC7B99.e.259/text HTTP/1.1" 200 0
2025-01-25 17:49:49,425 - DEBUG - http://localhost:51159 "POST /session/afedc422490131405ac901b886ba2803/execute/sync HTTP/1.1" 200 0
2025-01-25 17:49:49,439 - DEBUG - http://localhost:51159 "POST /session/afedc422490131405ac901b886ba2803/element/f.FEF57B810F4C9782D4F0349B26D6B515.d.840B2ED85B121432C6EEE901CBFC7B99.e.235/element HTTP/1.1" 200 0
2025-01-25 17:49:49,456 - DEBUG - http://localhost:51159 "GET /session/afedc422490131405ac901b886ba2803/element/f.FEF57B810F4C9782D4F0349B26D6B515.d.840B2ED85B121432C6EEE901CBFC7B99.e.261/text HTTP/1.1" 200 0
2025-01-25 17:49:49,469 - DEBUG - http://localhost:51159 "POST /session/afedc422490131405ac901b886ba2803/element/f.FEF57B810F4C9782D4F0349B26D6B515.d.840B2ED85B121432C6EEE901CBFC7B99.e.236/element HTTP/1.1" 200 0
2025-01-25 17:49:49,483 - DEBUG - http://localhost:51159 "POST /session/afedc422490131405ac901b886ba2803/element/f.FEF57B810F4C9782D4F0349B26D6B515.d.840B2ED85B121432C6EEE901CBFC7B99.e.236/element HTTP/1.1" 200 0
2025-01-25 17:49:49,500 - DEBUG - http://localhost:51159 "GET /session/afedc422490131405ac901b886ba2803/element/f.FEF57B810F4C9782D4F0349B26D6B515.d.840B2ED85B121432C6EEE901CBFC7B99.e.262/text HTTP/1.1" 200 0
2025-01-25 17:49:49,510 - DEBUG - http://localhost:51159 "POST /session/afedc422490131405ac901b886ba2803/execute/sync HTTP/1.1" 200 0
2025-01-25 17:49:49,524 - DEBUG - http://localhost:51159 "POST /session/afedc422490131405ac901b886ba2803/element/f.FEF57B810F4C9782D4F0349B26D6B515.d.840B2ED85B121432C6EEE901CBFC7B99.e.236/element HTTP/1.1" 200 0
2025-01-25 17:49:49,545 - DEBUG - http://localhost:51159 "GET /session/afedc422490131405ac901b886ba2803/element/f.FEF57B810F4C9782D4F0349B26D6B515.d.840B2ED85B121432C6EEE901CBFC7B99.e.264/text HTTP/1.1" 200 0
2025-01-25 17:49:49,560 - DEBUG - http://localhost:51159 "POST /session/afedc422490131405ac901b886ba2803/element/f.FEF57B810F4C9782D4F0349B26D6B515.d.840B2ED85B121432C6EEE901CBFC7B99.e.237/element HTTP/1.1" 200 0
2025-01-25 17:49:49,574 - DEBUG - http://localhost:51159 "POST /session/afedc422490131405ac901b886ba2803/element/f.FEF57B810F4C9782D4F0349B26D6B515.d.840B2ED85B121432C6EEE901CBFC7B99.e.237/element HTTP/1.1" 200 0
2025-01-25 17:49:49,589 - DEBUG - http://localhost:51159 "GET /session/afedc422490131405ac901b886ba2803/element/f.FEF57B810F4C9782D4F0349B26D6B515.d.840B2ED85B121432C6EEE901CBFC7B99.e.265/text HTTP/1.1" 200 0
2025-01-25 17:49:49,601 - DEBUG - http://localhost:51159 "POST /session/afedc422490131405ac901b886ba2803/execute/sync HTTP/1.1" 200 0
2025-01-25 17:49:49,613 - DEBUG - http://localhost:51159 "POST /session/afedc422490131405ac901b886ba2803/element/f.FEF57B810F4C9782D4F0349B26D6B515.d.840B2ED85B121432C6EEE901CBFC7B99.e.237/element HTTP/1.1" 200 0
2025-01-25 17:49:49,635 - DEBUG - http://localhost:51159 "GET /session/afedc422490131405ac901b886ba2803/element/f.FEF57B810F4C9782D4F0349B26D6B515.d.840B2ED85B121432C6EEE901CBFC7B99.e.267/text HTTP/1.1" 200 0
2025-01-25 17:49:51,317 - DEBUG - http://localhost:51159 "POST /session/afedc422490131405ac901b886ba2803/url HTTP/1.1" 200 0
2025-01-25 17:49:55,902 - DEBUG - http://localhost:51159 "POST /session/afedc422490131405ac901b886ba2803/element HTTP/1.1" 200 0
2025-01-25 17:49:55,948 - DEBUG - http://localhost:51159 "POST /session/afedc422490131405ac901b886ba2803/element/f.FEF57B810F4C9782D4F0349B26D6B515.d.D33C0DE4EC99D1697494E752B5771C02.e.268/clear HTTP/1.1" 200 0
2025-01-25 17:49:56,032 - DEBUG - http://localhost:51159 "POST /session/afedc422490131405ac901b886ba2803/element/f.FEF57B810F4C9782D4F0349B26D6B515.d.D33C0DE4EC99D1697494E752B5771C02.e.268/value HTTP/1.1" 200 0
2025-01-25 17:49:56,236 - DEBUG - http://localhost:51159 "POST /session/afedc422490131405ac901b886ba2803/element/f.FEF57B810F4C9782D4F0349B26D6B515.d.D33C0DE4EC99D1697494E752B5771C02.e.268/value HTTP/1.1" 200 0
2025-01-25 17:49:56,548 - DEBUG - http://localhost:51159 "POST /session/afedc422490131405ac901b886ba2803/element/f.FEF57B810F4C9782D4F0349B26D6B515.d.D33C0DE4EC99D1697494E752B5771C02.e.268/value HTTP/1.1" 200 0
2025-01-25 17:49:56,864 - DEBUG - http://localhost:51159 "POST /session/afedc422490131405ac901b886ba2803/element/f.FEF57B810F4C9782D4F0349B26D6B515.d.D33C0DE4EC99D1697494E752B5771C02.e.268/value HTTP/1.1" 200 0
2025-01-25 17:49:57,118 - DEBUG - http://localhost:51159 "POST /session/afedc422490131405ac901b886ba2803/element/f.FEF57B810F4C9782D4F0349B26D6B515.d.D33C0DE4EC99D1697494E752B5771C02.e.268/value HTTP/1.1" 200 0
2025-01-25 17:49:57,283 - DEBUG - http://localhost:51159 "POST /session/afedc422490131405ac901b886ba2803/element/f.FEF57B810F4C9782D4F0349B26D6B515.d.D33C0DE4EC99D1697494E752B5771C02.e.268/value HTTP/1.1" 200 0
2025-01-25 17:49:57,596 - DEBUG - http://localhost:51159 "POST /session/afedc422490131405ac901b886ba2803/element/f.FEF57B810F4C9782D4F0349B26D6B515.d.D33C0DE4EC99D1697494E752B5771C02.e.268/value HTTP/1.1" 200 0
2025-01-25 17:49:57,862 - DEBUG - http://localhost:51159 "POST /session/afedc422490131405ac901b886ba2803/element/f.FEF57B810F4C9782D4F0349B26D6B515.d.D33C0DE4EC99D1697494E752B5771C02.e.268/value HTTP/1.1" 200 0
2025-01-25 17:49:58,188 - DEBUG - http://localhost:51159 "POST /session/afedc422490131405ac901b886ba2803/element/f.FEF57B810F4C9782D4F0349B26D6B515.d.D33C0DE4EC99D1697494E752B5771C02.e.268/value HTTP/1.1" 200 0
2025-01-25 17:49:58,436 - DEBUG - http://localhost:51159 "POST /session/afedc422490131405ac901b886ba2803/element/f.FEF57B810F4C9782D4F0349B26D6B515.d.D33C0DE4EC99D1697494E752B5771C02.e.268/value HTTP/1.1" 200 0
2025-01-25 17:50:02,852 - DEBUG - http://localhost:51159 "POST /session/afedc422490131405ac901b886ba2803/element/f.FEF57B810F4C9782D4F0349B26D6B515.d.D33C0DE4EC99D1697494E752B5771C02.e.268/value HTTP/1.1" 200 0
2025-01-25 17:50:17,486 - DEBUG - http://localhost:51159 "POST /session/afedc422490131405ac901b886ba2803/elements HTTP/1.1" 200 0
2025-01-25 17:50:28,040 - DEBUG - http://localhost:51159 "POST /session/afedc422490131405ac901b886ba2803/elements HTTP/1.1" 200 0
2025-01-25 17:50:38,050 - DEBUG - http://localhost:51159 "POST /session/afedc422490131405ac901b886ba2803/elements HTTP/1.1" 200 0
2025-01-25 17:50:48,592 - DEBUG - http://localhost:51159 "POST /session/afedc422490131405ac901b886ba2803/elements HTTP/1.1" 200 0
2025-01-25 17:50:58,662 - DEBUG - http://localhost:51159 "POST /session/afedc422490131405ac901b886ba2803/elements HTTP/1.1" 200 0
2025-01-25 17:51:09,183 - DEBUG - http://localhost:51159 "POST /session/afedc422490131405ac901b886ba2803/elements HTTP/1.1" 200 0
2025-01-25 17:51:19,239 - DEBUG - http://localhost:51159 "POST /session/afedc422490131405ac901b886ba2803/elements HTTP/1.1" 200 0
2025-01-25 17:51:29,763 - DEBUG - http://localhost:51159 "POST /session/afedc422490131405ac901b886ba2803/elements HTTP/1.1" 200 0
2025-01-25 17:51:39,844 - DEBUG - http://localhost:51159 "POST /session/afedc422490131405ac901b886ba2803/element HTTP/1.1" 404 0
2025-01-25 17:51:39,854 - WARNING - No results found for keyword: مشاوره سئو
2025-01-25 17:51:41,018 - DEBUG - http://localhost:51159 "POST /session/afedc422490131405ac901b886ba2803/url HTTP/1.1" 200 0
2025-01-25 17:51:45,434 - DEBUG - http://localhost:51159 "POST /session/afedc422490131405ac901b886ba2803/element HTTP/1.1" 200 0
2025-01-25 17:51:45,487 - DEBUG - http://localhost:51159 "POST /session/afedc422490131405ac901b886ba2803/element/f.FEF57B810F4C9782D4F0349B26D6B515.d.27EC7654FF1F4633D34BFE032A851AE2.e.272/clear HTTP/1.1" 200 0
2025-01-25 17:51:45,552 - DEBUG - http://localhost:51159 "POST /session/afedc422490131405ac901b886ba2803/element/f.FEF57B810F4C9782D4F0349B26D6B515.d.27EC7654FF1F4633D34BFE032A851AE2.e.272/value HTTP/1.1" 200 0
2025-01-25 17:51:45,724 - DEBUG - http://localhost:51159 "POST /session/afedc422490131405ac901b886ba2803/element/f.FEF57B810F4C9782D4F0349B26D6B515.d.27EC7654FF1F4633D34BFE032A851AE2.e.272/value HTTP/1.1" 200 0
2025-01-25 17:51:45,960 - DEBUG - http://localhost:51159 "POST /session/afedc422490131405ac901b886ba2803/element/f.FEF57B810F4C9782D4F0349B26D6B515.d.27EC7654FF1F4633D34BFE032A851AE2.e.272/value HTTP/1.1" 200 0
2025-01-25 17:51:46,243 - DEBUG - http://localhost:51159 "POST /session/afedc422490131405ac901b886ba2803/element/f.FEF57B810F4C9782D4F0349B26D6B515.d.27EC7654FF1F4633D34BFE032A851AE2.e.272/value HTTP/1.1" 200 0
2025-01-25 17:51:46,433 - DEBUG - http://localhost:51159 "POST /session/afedc422490131405ac901b886ba2803/element/f.FEF57B810F4C9782D4F0349B26D6B515.d.27EC7654FF1F4633D34BFE032A851AE2.e.272/value HTTP/1.1" 200 0
2025-01-25 17:51:46,681 - DEBUG - http://localhost:51159 "POST /session/afedc422490131405ac901b886ba2803/element/f.FEF57B810F4C9782D4F0349B26D6B515.d.27EC7654FF1F4633D34BFE032A851AE2.e.272/value HTTP/1.1" 200 0
2025-01-25 17:51:46,991 - DEBUG - http://localhost:51159 "POST /session/afedc422490131405ac901b886ba2803/element/f.FEF57B810F4C9782D4F0349B26D6B515.d.27EC7654FF1F4633D34BFE032A851AE2.e.272/value HTTP/1.1" 200 0
2025-01-25 17:51:47,224 - DEBUG - http://localhost:51159 "POST /session/afedc422490131405ac901b886ba2803/element/f.FEF57B810F4C9782D4F0349B26D6B515.d.27EC7654FF1F4633D34BFE032A851AE2.e.272/value HTTP/1.1" 200 0
2025-01-25 17:51:47,420 - DEBUG - http://localhost:51159 "POST /session/afedc422490131405ac901b886ba2803/element/f.FEF57B810F4C9782D4F0349B26D6B515.d.27EC7654FF1F4633D34BFE032A851AE2.e.272/value HTTP/1.1" 200 0
2025-01-25 17:51:47,629 - DEBUG - http://localhost:51159 "POST /session/afedc422490131405ac901b886ba2803/element/f.FEF57B810F4C9782D4F0349B26D6B515.d.27EC7654FF1F4633D34BFE032A851AE2.e.272/value HTTP/1.1" 200 0
2025-01-25 17:51:51,824 - DEBUG - http://localhost:51159 "POST /session/afedc422490131405ac901b886ba2803/element/f.FEF57B810F4C9782D4F0349B26D6B515.d.27EC7654FF1F4633D34BFE032A851AE2.e.272/value HTTP/1.1" 200 0
2025-01-25 17:51:56,818 - DEBUG - http://localhost:51159 "POST /session/afedc422490131405ac901b886ba2803/elements HTTP/1.1" 200 0
2025-01-25 17:51:56,848 - DEBUG - http://localhost:51159 "POST /session/afedc422490131405ac901b886ba2803/element/f.FEF57B810F4C9782D4F0349B26D6B515.d.B5E9B4E88C735087AB47477E18BE0E72.e.283/element HTTP/1.1" 200 0
2025-01-25 17:51:56,872 - DEBUG - http://localhost:51159 "POST /session/afedc422490131405ac901b886ba2803/element/f.FEF57B810F4C9782D4F0349B26D6B515.d.B5E9B4E88C735087AB47477E18BE0E72.e.283/element HTTP/1.1" 200 0
2025-01-25 17:51:56,925 - DEBUG - http://localhost:51159 "GET /session/afedc422490131405ac901b886ba2803/element/f.FEF57B810F4C9782D4F0349B26D6B515.d.B5E9B4E88C735087AB47477E18BE0E72.e.292/text HTTP/1.1" 200 0
2025-01-25 17:51:56,941 - DEBUG - http://localhost:51159 "POST /session/afedc422490131405ac901b886ba2803/execute/sync HTTP/1.1" 200 0
2025-01-25 17:51:56,962 - DEBUG - http://localhost:51159 "POST /session/afedc422490131405ac901b886ba2803/element/f.FEF57B810F4C9782D4F0349B26D6B515.d.B5E9B4E88C735087AB47477E18BE0E72.e.283/element HTTP/1.1" 200 0
2025-01-25 17:51:56,982 - DEBUG - http://localhost:51159 "GET /session/afedc422490131405ac901b886ba2803/element/f.FEF57B810F4C9782D4F0349B26D6B515.d.B5E9B4E88C735087AB47477E18BE0E72.e.294/text HTTP/1.1" 200 0
2025-01-25 17:51:56,996 - DEBUG - http://localhost:51159 "POST /session/afedc422490131405ac901b886ba2803/element/f.FEF57B810F4C9782D4F0349B26D6B515.d.B5E9B4E88C735087AB47477E18BE0E72.e.284/element HTTP/1.1" 200 0
2025-01-25 17:51:57,011 - DEBUG - http://localhost:51159 "POST /session/afedc422490131405ac901b886ba2803/element/f.FEF57B810F4C9782D4F0349B26D6B515.d.B5E9B4E88C735087AB47477E18BE0E72.e.284/element HTTP/1.1" 200 0
2025-01-25 17:51:57,027 - DEBUG - http://localhost:51159 "GET /session/afedc422490131405ac901b886ba2803/element/f.FEF57B810F4C9782D4F0349B26D6B515.d.B5E9B4E88C735087AB47477E18BE0E72.e.295/text HTTP/1.1" 200 0
2025-01-25 17:51:57,038 - DEBUG - http://localhost:51159 "POST /session/afedc422490131405ac901b886ba2803/execute/sync HTTP/1.1" 200 0
2025-01-25 17:51:57,051 - DEBUG - http://localhost:51159 "POST /session/afedc422490131405ac901b886ba2803/element/f.FEF57B810F4C9782D4F0349B26D6B515.d.B5E9B4E88C735087AB47477E18BE0E72.e.284/element HTTP/1.1" 200 0
2025-01-25 17:51:57,071 - DEBUG - http://localhost:51159 "GET /session/afedc422490131405ac901b886ba2803/element/f.FEF57B810F4C9782D4F0349B26D6B515.d.B5E9B4E88C735087AB47477E18BE0E72.e.297/text HTTP/1.1" 200 0
2025-01-25 17:51:57,089 - DEBUG - http://localhost:51159 "POST /session/afedc422490131405ac901b886ba2803/element/f.FEF57B810F4C9782D4F0349B26D6B515.d.B5E9B4E88C735087AB47477E18BE0E72.e.285/element HTTP/1.1" 200 0
2025-01-25 17:51:57,105 - DEBUG - http://localhost:51159 "POST /session/afedc422490131405ac901b886ba2803/element/f.FEF57B810F4C9782D4F0349B26D6B515.d.B5E9B4E88C735087AB47477E18BE0E72.e.285/element HTTP/1.1" 200 0
2025-01-25 17:51:57,124 - DEBUG - http://localhost:51159 "GET /session/afedc422490131405ac901b886ba2803/element/f.FEF57B810F4C9782D4F0349B26D6B515.d.B5E9B4E88C735087AB47477E18BE0E72.e.298/text HTTP/1.1" 200 0
2025-01-25 17:51:57,138 - DEBUG - http://localhost:51159 "POST /session/afedc422490131405ac901b886ba2803/execute/sync HTTP/1.1" 200 0
2025-01-25 17:51:57,153 - DEBUG - http://localhost:51159 "POST /session/afedc422490131405ac901b886ba2803/element/f.FEF57B810F4C9782D4F0349B26D6B515.d.B5E9B4E88C735087AB47477E18BE0E72.e.285/element HTTP/1.1" 200 0
2025-01-25 17:51:57,178 - DEBUG - http://localhost:51159 "GET /session/afedc422490131405ac901b886ba2803/element/f.FEF57B810F4C9782D4F0349B26D6B515.d.B5E9B4E88C735087AB47477E18BE0E72.e.300/text HTTP/1.1" 200 0
2025-01-25 17:51:57,195 - DEBUG - http://localhost:51159 "POST /session/afedc422490131405ac901b886ba2803/element/f.FEF57B810F4C9782D4F0349B26D6B515.d.B5E9B4E88C735087AB47477E18BE0E72.e.286/element HTTP/1.1" 200 0
2025-01-25 17:51:57,211 - DEBUG - http://localhost:51159 "POST /session/afedc422490131405ac901b886ba2803/element/f.FEF57B810F4C9782D4F0349B26D6B515.d.B5E9B4E88C735087AB47477E18BE0E72.e.286/element HTTP/1.1" 200 0
2025-01-25 17:51:57,228 - DEBUG - http://localhost:51159 "GET /session/afedc422490131405ac901b886ba2803/element/f.FEF57B810F4C9782D4F0349B26D6B515.d.B5E9B4E88C735087AB47477E18BE0E72.e.301/text HTTP/1.1" 200 0
2025-01-25 17:51:57,239 - DEBUG - http://localhost:51159 "POST /session/afedc422490131405ac901b886ba2803/execute/sync HTTP/1.1" 200 0
2025-01-25 17:51:57,253 - DEBUG - http://localhost:51159 "POST /session/afedc422490131405ac901b886ba2803/element/f.FEF57B810F4C9782D4F0349B26D6B515.d.B5E9B4E88C735087AB47477E18BE0E72.e.286/element HTTP/1.1" 200 0
2025-01-25 17:51:57,274 - DEBUG - http://localhost:51159 "GET /session/afedc422490131405ac901b886ba2803/element/f.FEF57B810F4C9782D4F0349B26D6B515.d.B5E9B4E88C735087AB47477E18BE0E72.e.303/text HTTP/1.1" 200 0
2025-01-25 17:51:57,290 - DEBUG - http://localhost:51159 "POST /session/afedc422490131405ac901b886ba2803/element/f.FEF57B810F4C9782D4F0349B26D6B515.d.B5E9B4E88C735087AB47477E18BE0E72.e.287/element HTTP/1.1" 200 0
2025-01-25 17:51:57,305 - DEBUG - http://localhost:51159 "POST /session/afedc422490131405ac901b886ba2803/element/f.FEF57B810F4C9782D4F0349B26D6B515.d.B5E9B4E88C735087AB47477E18BE0E72.e.287/element HTTP/1.1" 200 0
2025-01-25 17:51:57,322 - DEBUG - http://localhost:51159 "GET /session/afedc422490131405ac901b886ba2803/element/f.FEF57B810F4C9782D4F0349B26D6B515.d.B5E9B4E88C735087AB47477E18BE0E72.e.304/text HTTP/1.1" 200 0
2025-01-25 17:51:57,335 - DEBUG - http://localhost:51159 "POST /session/afedc422490131405ac901b886ba2803/execute/sync HTTP/1.1" 200 0
2025-01-25 17:51:57,349 - DEBUG - http://localhost:51159 "POST /session/afedc422490131405ac901b886ba2803/element/f.FEF57B810F4C9782D4F0349B26D6B515.d.B5E9B4E88C735087AB47477E18BE0E72.e.287/element HTTP/1.1" 200 0
2025-01-25 17:51:57,371 - DEBUG - http://localhost:51159 "GET /session/afedc422490131405ac901b886ba2803/element/f.FEF57B810F4C9782D4F0349B26D6B515.d.B5E9B4E88C735087AB47477E18BE0E72.e.306/text HTTP/1.1" 200 0
2025-01-25 17:51:57,388 - DEBUG - http://localhost:51159 "POST /session/afedc422490131405ac901b886ba2803/element/f.FEF57B810F4C9782D4F0349B26D6B515.d.B5E9B4E88C735087AB47477E18BE0E72.e.288/element HTTP/1.1" 200 0
2025-01-25 17:51:57,430 - DEBUG - http://localhost:51159 "POST /session/afedc422490131405ac901b886ba2803/element/f.FEF57B810F4C9782D4F0349B26D6B515.d.B5E9B4E88C735087AB47477E18BE0E72.e.288/element HTTP/1.1" 200 0
2025-01-25 17:51:57,447 - DEBUG - http://localhost:51159 "GET /session/afedc422490131405ac901b886ba2803/element/f.FEF57B810F4C9782D4F0349B26D6B515.d.B5E9B4E88C735087AB47477E18BE0E72.e.307/text HTTP/1.1" 200 0
2025-01-25 17:51:57,457 - DEBUG - http://localhost:51159 "POST /session/afedc422490131405ac901b886ba2803/execute/sync HTTP/1.1" 200 0
2025-01-25 17:51:57,471 - DEBUG - http://localhost:51159 "POST /session/afedc422490131405ac901b886ba2803/element/f.FEF57B810F4C9782D4F0349B26D6B515.d.B5E9B4E88C735087AB47477E18BE0E72.e.288/element HTTP/1.1" 200 0
2025-01-25 17:51:57,490 - DEBUG - http://localhost:51159 "GET /session/afedc422490131405ac901b886ba2803/element/f.FEF57B810F4C9782D4F0349B26D6B515.d.B5E9B4E88C735087AB47477E18BE0E72.e.309/text HTTP/1.1" 200 0
2025-01-25 17:51:57,506 - DEBUG - http://localhost:51159 "POST /session/afedc422490131405ac901b886ba2803/element/f.FEF57B810F4C9782D4F0349B26D6B515.d.B5E9B4E88C735087AB47477E18BE0E72.e.289/element HTTP/1.1" 200 0
2025-01-25 17:51:57,521 - DEBUG - http://localhost:51159 "POST /session/afedc422490131405ac901b886ba2803/element/f.FEF57B810F4C9782D4F0349B26D6B515.d.B5E9B4E88C735087AB47477E18BE0E72.e.289/element HTTP/1.1" 200 0
2025-01-25 17:51:57,539 - DEBUG - http://localhost:51159 "GET /session/afedc422490131405ac901b886ba2803/element/f.FEF57B810F4C9782D4F0349B26D6B515.d.B5E9B4E88C735087AB47477E18BE0E72.e.310/text HTTP/1.1" 200 0
2025-01-25 17:51:57,550 - DEBUG - http://localhost:51159 "POST /session/afedc422490131405ac901b886ba2803/execute/sync HTTP/1.1" 200 0
2025-01-25 17:51:57,565 - DEBUG - http://localhost:51159 "POST /session/afedc422490131405ac901b886ba2803/element/f.FEF57B810F4C9782D4F0349B26D6B515.d.B5E9B4E88C735087AB47477E18BE0E72.e.289/element HTTP/1.1" 200 0
2025-01-25 17:51:57,585 - DEBUG - http://localhost:51159 "GET /session/afedc422490131405ac901b886ba2803/element/f.FEF57B810F4C9782D4F0349B26D6B515.d.B5E9B4E88C735087AB47477E18BE0E72.e.312/text HTTP/1.1" 200 0
2025-01-25 17:51:57,600 - DEBUG - http://localhost:51159 "POST /session/afedc422490131405ac901b886ba2803/element/f.FEF57B810F4C9782D4F0349B26D6B515.d.B5E9B4E88C735087AB47477E18BE0E72.e.290/element HTTP/1.1" 200 0
2025-01-25 17:51:57,615 - DEBUG - http://localhost:51159 "POST /session/afedc422490131405ac901b886ba2803/element/f.FEF57B810F4C9782D4F0349B26D6B515.d.B5E9B4E88C735087AB47477E18BE0E72.e.290/element HTTP/1.1" 200 0
2025-01-25 17:51:57,632 - DEBUG - http://localhost:51159 "GET /session/afedc422490131405ac901b886ba2803/element/f.FEF57B810F4C9782D4F0349B26D6B515.d.B5E9B4E88C735087AB47477E18BE0E72.e.313/text HTTP/1.1" 200 0
2025-01-25 17:51:57,642 - DEBUG - http://localhost:51159 "POST /session/afedc422490131405ac901b886ba2803/execute/sync HTTP/1.1" 200 0
2025-01-25 17:51:57,656 - DEBUG - http://localhost:51159 "POST /session/afedc422490131405ac901b886ba2803/element/f.FEF57B810F4C9782D4F0349B26D6B515.d.B5E9B4E88C735087AB47477E18BE0E72.e.290/element HTTP/1.1" 200 0
2025-01-25 17:51:57,672 - DEBUG - http://localhost:51159 "GET /session/afedc422490131405ac901b886ba2803/element/f.FEF57B810F4C9782D4F0349B26D6B515.d.B5E9B4E88C735087AB47477E18BE0E72.e.315/text HTTP/1.1" 200 0
2025-01-25 17:51:57,686 - DEBUG - http://localhost:51159 "POST /session/afedc422490131405ac901b886ba2803/element/f.FEF57B810F4C9782D4F0349B26D6B515.d.B5E9B4E88C735087AB47477E18BE0E72.e.291/element HTTP/1.1" 200 0
2025-01-25 17:51:57,701 - DEBUG - http://localhost:51159 "POST /session/afedc422490131405ac901b886ba2803/element/f.FEF57B810F4C9782D4F0349B26D6B515.d.B5E9B4E88C735087AB47477E18BE0E72.e.291/element HTTP/1.1" 200 0
2025-01-25 17:51:57,716 - DEBUG - http://localhost:51159 "GET /session/afedc422490131405ac901b886ba2803/element/f.FEF57B810F4C9782D4F0349B26D6B515.d.B5E9B4E88C735087AB47477E18BE0E72.e.316/text HTTP/1.1" 200 0
2025-01-25 17:51:57,726 - DEBUG - http://localhost:51159 "POST /session/afedc422490131405ac901b886ba2803/execute/sync HTTP/1.1" 200 0
2025-01-25 17:51:57,740 - DEBUG - http://localhost:51159 "POST /session/afedc422490131405ac901b886ba2803/element/f.FEF57B810F4C9782D4F0349B26D6B515.d.B5E9B4E88C735087AB47477E18BE0E72.e.291/element HTTP/1.1" 200 0
2025-01-25 17:51:57,759 - DEBUG - http://localhost:51159 "GET /session/afedc422490131405ac901b886ba2803/element/f.FEF57B810F4C9782D4F0349B26D6B515.d.B5E9B4E88C735087AB47477E18BE0E72.e.318/text HTTP/1.1" 200 0
2025-01-25 17:51:57,780 - DEBUG - http://localhost:51159 "POST /session/afedc422490131405ac901b886ba2803/element HTTP/1.1" 200 0
2025-01-25 17:51:57,907 - DEBUG - http://localhost:51159 "POST /session/afedc422490131405ac901b886ba2803/element/f.FEF57B810F4C9782D4F0349B26D6B515.d.B5E9B4E88C735087AB47477E18BE0E72.e.319/click HTTP/1.1" 200 0
2025-01-25 17:52:03,126 - DEBUG - http://localhost:51159 "POST /session/afedc422490131405ac901b886ba2803/elements HTTP/1.1" 200 0
2025-01-25 17:52:03,142 - DEBUG - http://localhost:51159 "POST /session/afedc422490131405ac901b886ba2803/element/f.FEF57B810F4C9782D4F0349B26D6B515.d.B5E9B4E88C735087AB47477E18BE0E72.e.283/element HTTP/1.1" 200 0
2025-01-25 17:52:03,157 - DEBUG - http://localhost:51159 "POST /session/afedc422490131405ac901b886ba2803/element/f.FEF57B810F4C9782D4F0349B26D6B515.d.B5E9B4E88C735087AB47477E18BE0E72.e.283/element HTTP/1.1" 200 0
2025-01-25 17:52:03,173 - DEBUG - http://localhost:51159 "GET /session/afedc422490131405ac901b886ba2803/element/f.FEF57B810F4C9782D4F0349B26D6B515.d.B5E9B4E88C735087AB47477E18BE0E72.e.292/text HTTP/1.1" 200 0
2025-01-25 17:52:03,184 - DEBUG - http://localhost:51159 "POST /session/afedc422490131405ac901b886ba2803/execute/sync HTTP/1.1" 200 0
2025-01-25 17:52:03,198 - DEBUG - http://localhost:51159 "POST /session/afedc422490131405ac901b886ba2803/element/f.FEF57B810F4C9782D4F0349B26D6B515.d.B5E9B4E88C735087AB47477E18BE0E72.e.283/element HTTP/1.1" 200 0
2025-01-25 17:52:03,217 - DEBUG - http://localhost:51159 "GET /session/afedc422490131405ac901b886ba2803/element/f.FEF57B810F4C9782D4F0349B26D6B515.d.B5E9B4E88C735087AB47477E18BE0E72.e.294/text HTTP/1.1" 200 0
2025-01-25 17:52:03,233 - DEBUG - http://localhost:51159 "POST /session/afedc422490131405ac901b886ba2803/element/f.FEF57B810F4C9782D4F0349B26D6B515.d.B5E9B4E88C735087AB47477E18BE0E72.e.284/element HTTP/1.1" 200 0
2025-01-25 17:52:03,248 - DEBUG - http://localhost:51159 "POST /session/afedc422490131405ac901b886ba2803/element/f.FEF57B810F4C9782D4F0349B26D6B515.d.B5E9B4E88C735087AB47477E18BE0E72.e.284/element HTTP/1.1" 200 0
2025-01-25 17:52:03,265 - DEBUG - http://localhost:51159 "GET /session/afedc422490131405ac901b886ba2803/element/f.FEF57B810F4C9782D4F0349B26D6B515.d.B5E9B4E88C735087AB47477E18BE0E72.e.295/text HTTP/1.1" 200 0
2025-01-25 17:52:03,275 - DEBUG - http://localhost:51159 "POST /session/afedc422490131405ac901b886ba2803/execute/sync HTTP/1.1" 200 0
2025-01-25 17:52:03,288 - DEBUG - http://localhost:51159 "POST /session/afedc422490131405ac901b886ba2803/element/f.FEF57B810F4C9782D4F0349B26D6B515.d.B5E9B4E88C735087AB47477E18BE0E72.e.284/element HTTP/1.1" 200 0
2025-01-25 17:52:03,306 - DEBUG - http://localhost:51159 "GET /session/afedc422490131405ac901b886ba2803/element/f.FEF57B810F4C9782D4F0349B26D6B515.d.B5E9B4E88C735087AB47477E18BE0E72.e.297/text HTTP/1.1" 200 0
2025-01-25 17:52:03,320 - DEBUG - http://localhost:51159 "POST /session/afedc422490131405ac901b886ba2803/element/f.FEF57B810F4C9782D4F0349B26D6B515.d.B5E9B4E88C735087AB47477E18BE0E72.e.285/element HTTP/1.1" 200 0
2025-01-25 17:52:03,335 - DEBUG - http://localhost:51159 "POST /session/afedc422490131405ac901b886ba2803/element/f.FEF57B810F4C9782D4F0349B26D6B515.d.B5E9B4E88C735087AB47477E18BE0E72.e.285/element HTTP/1.1" 200 0
2025-01-25 17:52:03,351 - DEBUG - http://localhost:51159 "GET /session/afedc422490131405ac901b886ba2803/element/f.FEF57B810F4C9782D4F0349B26D6B515.d.B5E9B4E88C735087AB47477E18BE0E72.e.298/text HTTP/1.1" 200 0
2025-01-25 17:52:03,360 - DEBUG - http://localhost:51159 "POST /session/afedc422490131405ac901b886ba2803/execute/sync HTTP/1.1" 200 0
2025-01-25 17:52:03,374 - DEBUG - http://localhost:51159 "POST /session/afedc422490131405ac901b886ba2803/element/f.FEF57B810F4C9782D4F0349B26D6B515.d.B5E9B4E88C735087AB47477E18BE0E72.e.285/element HTTP/1.1" 200 0
2025-01-25 17:52:03,391 - DEBUG - http://localhost:51159 "GET /session/afedc422490131405ac901b886ba2803/element/f.FEF57B810F4C9782D4F0349B26D6B515.d.B5E9B4E88C735087AB47477E18BE0E72.e.300/text HTTP/1.1" 200 0
2025-01-25 17:52:03,403 - DEBUG - http://localhost:51159 "POST /session/afedc422490131405ac901b886ba2803/element/f.FEF57B810F4C9782D4F0349B26D6B515.d.B5E9B4E88C735087AB47477E18BE0E72.e.286/element HTTP/1.1" 200 0
2025-01-25 17:52:03,417 - DEBUG - http://localhost:51159 "POST /session/afedc422490131405ac901b886ba2803/element/f.FEF57B810F4C9782D4F0349B26D6B515.d.B5E9B4E88C735087AB47477E18BE0E72.e.286/element HTTP/1.1" 200 0
2025-01-25 17:52:03,430 - DEBUG - http://localhost:51159 "GET /session/afedc422490131405ac901b886ba2803/element/f.FEF57B810F4C9782D4F0349B26D6B515.d.B5E9B4E88C735087AB47477E18BE0E72.e.301/text HTTP/1.1" 200 0
2025-01-25 17:52:03,439 - DEBUG - http://localhost:51159 "POST /session/afedc422490131405ac901b886ba2803/execute/sync HTTP/1.1" 200 0
2025-01-25 17:52:03,452 - DEBUG - http://localhost:51159 "POST /session/afedc422490131405ac901b886ba2803/element/f.FEF57B810F4C9782D4F0349B26D6B515.d.B5E9B4E88C735087AB47477E18BE0E72.e.286/element HTTP/1.1" 200 0
2025-01-25 17:52:03,469 - DEBUG - http://localhost:51159 "GET /session/afedc422490131405ac901b886ba2803/element/f.FEF57B810F4C9782D4F0349B26D6B515.d.B5E9B4E88C735087AB47477E18BE0E72.e.303/text HTTP/1.1" 200 0
2025-01-25 17:52:03,482 - DEBUG - http://localhost:51159 "POST /session/afedc422490131405ac901b886ba2803/element/f.FEF57B810F4C9782D4F0349B26D6B515.d.B5E9B4E88C735087AB47477E18BE0E72.e.287/element HTTP/1.1" 200 0
2025-01-25 17:52:03,494 - DEBUG - http://localhost:51159 "POST /session/afedc422490131405ac901b886ba2803/element/f.FEF57B810F4C9782D4F0349B26D6B515.d.B5E9B4E88C735087AB47477E18BE0E72.e.287/element HTTP/1.1" 200 0
2025-01-25 17:52:03,508 - DEBUG - http://localhost:51159 "GET /session/afedc422490131405ac901b886ba2803/element/f.FEF57B810F4C9782D4F0349B26D6B515.d.B5E9B4E88C735087AB47477E18BE0E72.e.304/text HTTP/1.1" 200 0
2025-01-25 17:52:03,518 - DEBUG - http://localhost:51159 "POST /session/afedc422490131405ac901b886ba2803/execute/sync HTTP/1.1" 200 0
2025-01-25 17:52:03,529 - DEBUG - http://localhost:51159 "POST /session/afedc422490131405ac901b886ba2803/element/f.FEF57B810F4C9782D4F0349B26D6B515.d.B5E9B4E88C735087AB47477E18BE0E72.e.287/element HTTP/1.1" 200 0
2025-01-25 17:52:03,548 - DEBUG - http://localhost:51159 "GET /session/afedc422490131405ac901b886ba2803/element/f.FEF57B810F4C9782D4F0349B26D6B515.d.B5E9B4E88C735087AB47477E18BE0E72.e.306/text HTTP/1.1" 200 0
2025-01-25 17:52:03,560 - DEBUG - http://localhost:51159 "POST /session/afedc422490131405ac901b886ba2803/element/f.FEF57B810F4C9782D4F0349B26D6B515.d.B5E9B4E88C735087AB47477E18BE0E72.e.288/element HTTP/1.1" 200 0
2025-01-25 17:52:03,572 - DEBUG - http://localhost:51159 "POST /session/afedc422490131405ac901b886ba2803/element/f.FEF57B810F4C9782D4F0349B26D6B515.d.B5E9B4E88C735087AB47477E18BE0E72.e.288/element HTTP/1.1" 200 0
2025-01-25 17:52:03,585 - DEBUG - http://localhost:51159 "GET /session/afedc422490131405ac901b886ba2803/element/f.FEF57B810F4C9782D4F0349B26D6B515.d.B5E9B4E88C735087AB47477E18BE0E72.e.307/text HTTP/1.1" 200 0
2025-01-25 17:52:03,595 - DEBUG - http://localhost:51159 "POST /session/afedc422490131405ac901b886ba2803/execute/sync HTTP/1.1" 200 0
2025-01-25 17:52:03,607 - DEBUG - http://localhost:51159 "POST /session/afedc422490131405ac901b886ba2803/element/f.FEF57B810F4C9782D4F0349B26D6B515.d.B5E9B4E88C735087AB47477E18BE0E72.e.288/element HTTP/1.1" 200 0
2025-01-25 17:52:03,622 - DEBUG - http://localhost:51159 "GET /session/afedc422490131405ac901b886ba2803/element/f.FEF57B810F4C9782D4F0349B26D6B515.d.B5E9B4E88C735087AB47477E18BE0E72.e.309/text HTTP/1.1" 200 0
2025-01-25 17:52:03,635 - DEBUG - http://localhost:51159 "POST /session/afedc422490131405ac901b886ba2803/element/f.FEF57B810F4C9782D4F0349B26D6B515.d.B5E9B4E88C735087AB47477E18BE0E72.e.289/element HTTP/1.1" 200 0
2025-01-25 17:52:03,646 - DEBUG - http://localhost:51159 "POST /session/afedc422490131405ac901b886ba2803/element/f.FEF57B810F4C9782D4F0349B26D6B515.d.B5E9B4E88C735087AB47477E18BE0E72.e.289/element HTTP/1.1" 200 0
2025-01-25 17:52:03,659 - DEBUG - http://localhost:51159 "GET /session/afedc422490131405ac901b886ba2803/element/f.FEF57B810F4C9782D4F0349B26D6B515.d.B5E9B4E88C735087AB47477E18BE0E72.e.310/text HTTP/1.1" 200 0
2025-01-25 17:52:03,669 - DEBUG - http://localhost:51159 "POST /session/afedc422490131405ac901b886ba2803/execute/sync HTTP/1.1" 200 0
2025-01-25 17:52:03,681 - DEBUG - http://localhost:51159 "POST /session/afedc422490131405ac901b886ba2803/element/f.FEF57B810F4C9782D4F0349B26D6B515.d.B5E9B4E88C735087AB47477E18BE0E72.e.289/element HTTP/1.1" 200 0
2025-01-25 17:52:03,698 - DEBUG - http://localhost:51159 "GET /session/afedc422490131405ac901b886ba2803/element/f.FEF57B810F4C9782D4F0349B26D6B515.d.B5E9B4E88C735087AB47477E18BE0E72.e.312/text HTTP/1.1" 200 0
2025-01-25 17:52:03,712 - DEBUG - http://localhost:51159 "POST /session/afedc422490131405ac901b886ba2803/element/f.FEF57B810F4C9782D4F0349B26D6B515.d.B5E9B4E88C735087AB47477E18BE0E72.e.290/element HTTP/1.1" 200 0
2025-01-25 17:52:03,724 - DEBUG - http://localhost:51159 "POST /session/afedc422490131405ac901b886ba2803/element/f.FEF57B810F4C9782D4F0349B26D6B515.d.B5E9B4E88C735087AB47477E18BE0E72.e.290/element HTTP/1.1" 200 0
2025-01-25 17:52:03,739 - DEBUG - http://localhost:51159 "GET /session/afedc422490131405ac901b886ba2803/element/f.FEF57B810F4C9782D4F0349B26D6B515.d.B5E9B4E88C735087AB47477E18BE0E72.e.313/text HTTP/1.1" 200 0
2025-01-25 17:52:03,749 - DEBUG - http://localhost:51159 "POST /session/afedc422490131405ac901b886ba2803/execute/sync HTTP/1.1" 200 0
2025-01-25 17:52:03,761 - DEBUG - http://localhost:51159 "POST /session/afedc422490131405ac901b886ba2803/element/f.FEF57B810F4C9782D4F0349B26D6B515.d.B5E9B4E88C735087AB47477E18BE0E72.e.290/element HTTP/1.1" 200 0
2025-01-25 17:52:03,783 - DEBUG - http://localhost:51159 "GET /session/afedc422490131405ac901b886ba2803/element/f.FEF57B810F4C9782D4F0349B26D6B515.d.B5E9B4E88C735087AB47477E18BE0E72.e.315/text HTTP/1.1" 200 0
2025-01-25 17:52:03,799 - DEBUG - http://localhost:51159 "POST /session/afedc422490131405ac901b886ba2803/element/f.FEF57B810F4C9782D4F0349B26D6B515.d.B5E9B4E88C735087AB47477E18BE0E72.e.291/element HTTP/1.1" 200 0
2025-01-25 17:52:03,813 - DEBUG - http://localhost:51159 "POST /session/afedc422490131405ac901b886ba2803/element/f.FEF57B810F4C9782D4F0349B26D6B515.d.B5E9B4E88C735087AB47477E18BE0E72.e.291/element HTTP/1.1" 200 0
2025-01-25 17:52:03,833 - DEBUG - http://localhost:51159 "GET /session/afedc422490131405ac901b886ba2803/element/f.FEF57B810F4C9782D4F0349B26D6B515.d.B5E9B4E88C735087AB47477E18BE0E72.e.316/text HTTP/1.1" 200 0
2025-01-25 17:52:03,845 - DEBUG - http://localhost:51159 "POST /session/afedc422490131405ac901b886ba2803/execute/sync HTTP/1.1" 200 0
2025-01-25 17:52:03,859 - DEBUG - http://localhost:51159 "POST /session/afedc422490131405ac901b886ba2803/element/f.FEF57B810F4C9782D4F0349B26D6B515.d.B5E9B4E88C735087AB47477E18BE0E72.e.291/element HTTP/1.1" 200 0
2025-01-25 17:52:03,880 - DEBUG - http://localhost:51159 "GET /session/afedc422490131405ac901b886ba2803/element/f.FEF57B810F4C9782D4F0349B26D6B515.d.B5E9B4E88C735087AB47477E18BE0E72.e.318/text HTTP/1.1" 200 0
